[debug] [2022-03-10T09:35:20.180Z] ----------------------------------------------------------------------
[debug] [2022-03-10T09:35:20.183Z] Command:       C:\Program Files\nodejs\node.exe C:\Users\pablo\AppData\Roaming\npm\node_modules\firebase-tools\lib\bin\firebase.js init
[debug] [2022-03-10T09:35:20.183Z] CLI Version:   10.2.2
[debug] [2022-03-10T09:35:20.184Z] Platform:      win32
[debug] [2022-03-10T09:35:20.184Z] Node Version:  v16.13.2
[debug] [2022-03-10T09:35:20.185Z] Time:          Thu Mar 10 2022 10:35:20 GMT+0100 (hora estándar de Europa central)
[debug] [2022-03-10T09:35:20.185Z] ----------------------------------------------------------------------
[debug] 
[debug] [2022-03-10T09:35:20.289Z] > command requires scopes: ["email","openid","https://www.googleapis.com/auth/cloudplatformprojects.readonly","https://www.googleapis.com/auth/firebase","https://www.googleapis.com/auth/cloud-platform"]
[debug] [2022-03-10T09:35:20.290Z] > authorizing via signed-in user (dedeen3a@gmail.com)
[info] 
     ######## #### ########  ######## ########     ###     ######  ########
     ##        ##  ##     ## ##       ##     ##  ##   ##  ##       ##
     ######    ##  ########  ######   ########  #########  ######  ######
     ##        ##  ##    ##  ##       ##     ## ##     ##       ## ##
     ##       #### ##     ## ######## ########  ##     ##  ######  ########

You're about to initialize a Firebase project in this directory:

  C:\Users\pablo\WebstormProjects\dede_en3a

Before we get started, keep in mind:

  * You are initializing within an existing Firebase project directory

[info] 
=== Project Setup
[info] 
[info] First, let's associate this project directory with a Firebase project.
[info] You can create multiple project aliases by running firebase use --add, 
[info] but for now we'll just set up a default project.
[info] 
[debug] [2022-03-10T09:35:25.234Z] Using project from CLI flag: dede-en3a
[debug] [2022-03-10T09:35:25.237Z] >>> [apiv2][query] GET https://firebase.googleapis.com/v1beta1/projects/dede-en3a [none]
[debug] [2022-03-10T09:35:25.561Z] <<< [apiv2][status] GET https://firebase.googleapis.com/v1beta1/projects/dede-en3a 200
[debug] [2022-03-10T09:35:25.562Z] <<< [apiv2][body] GET https://firebase.googleapis.com/v1beta1/projects/dede-en3a {"projectId":"dede-en3a","projectNumber":"344724226999","displayName":"Dede-EN3A","name":"projects/dede-en3a","resources":{"hostingSite":"dede-en3a","storageBucket":"dede-en3a.appspot.com","locationId":"europe-west"},"state":"ACTIVE"}
[info] i  Using project dede-en3a (Dede-EN3A) 
[info] 
=== Hosting:github Setup
[info] 
[info] i  Detected a .git folder at C:\Users\pablo\WebstormProjects\dede_en3a 
[info] i  Authorizing with GitHub to upload your service account to a GitHub repository's secrets store. 
[info] 
[info] Visit this URL on this device to log in:
[info] https://github.com/login/oauth/authorize?client_id=89cf50f02ac6aaed3484&state=615130637&redirect_uri=http%3A%2F%2Flocalhost%3A9005&scope=read%3Auser%20repo%20public_repo
[info] 
[info] Waiting for authentication...
